{"C:\\Users\\David\\Desktop\\IESB\\Manutenção de Software e DevOps\\T4\\Aluno.js": {"path":"C:\\Users\\David\\Desktop\\IESB\\Manutenção de Software e DevOps\\T4\\Aluno.js","statementMap":{"0":{"start":{"line":3,"column":6},"end":{"line":3,"column":23}},"1":{"start":{"line":4,"column":6},"end":{"line":4,"column":25}},"2":{"start":{"line":8,"column":19},"end":{"line":8,"column":66}},"3":{"start":{"line":8,"column":52},"end":{"line":8,"column":62}},"4":{"start":{"line":9,"column":19},"end":{"line":9,"column":43}},"5":{"start":{"line":11,"column":6},"end":{"line":11,"column":76}},"6":{"start":{"line":11,"column":23},"end":{"line":11,"column":76}},"7":{"start":{"line":12,"column":6},"end":{"line":12,"column":18}},"8":{"start":{"line":16,"column":20},"end":{"line":16,"column":40}},"9":{"start":{"line":18,"column":6},"end":{"line":18,"column":34}},"10":{"start":{"line":18,"column":22},"end":{"line":18,"column":34}},"11":{"start":{"line":19,"column":6},"end":{"line":19,"column":34}},"12":{"start":{"line":19,"column":22},"end":{"line":19,"column":34}},"13":{"start":{"line":20,"column":6},"end":{"line":20,"column":34}},"14":{"start":{"line":20,"column":22},"end":{"line":20,"column":34}},"15":{"start":{"line":21,"column":6},"end":{"line":21,"column":18}},"16":{"start":{"line":25,"column":23},"end":{"line":25,"column":41}},"17":{"start":{"line":27,"column":8},"end":{"line":27,"column":66}},"18":{"start":{"line":27,"column":48},"end":{"line":27,"column":66}},"19":{"start":{"line":28,"column":8},"end":{"line":28,"column":27}},"20":{"start":{"line":32,"column":0},"end":{"line":32,"column":23}}},"fnMap":{"0":{"name":"(anonymous_0)","decl":{"start":{"line":2,"column":4},"end":{"line":2,"column":5}},"loc":{"start":{"line":2,"column":29},"end":{"line":5,"column":5}},"line":2},"1":{"name":"(anonymous_1)","decl":{"start":{"line":7,"column":4},"end":{"line":7,"column":5}},"loc":{"start":{"line":7,"column":20},"end":{"line":13,"column":5}},"line":7},"2":{"name":"(anonymous_2)","decl":{"start":{"line":8,"column":37},"end":{"line":8,"column":38}},"loc":{"start":{"line":8,"column":52},"end":{"line":8,"column":62}},"line":8},"3":{"name":"(anonymous_3)","decl":{"start":{"line":15,"column":4},"end":{"line":15,"column":5}},"loc":{"start":{"line":15,"column":18},"end":{"line":22,"column":5}},"line":15},"4":{"name":"(anonymous_4)","decl":{"start":{"line":24,"column":4},"end":{"line":24,"column":5}},"loc":{"start":{"line":24,"column":22},"end":{"line":29,"column":5}},"line":24}},"branchMap":{"0":{"loc":{"start":{"line":11,"column":6},"end":{"line":11,"column":76}},"type":"if","locations":[{"start":{"line":11,"column":6},"end":{"line":11,"column":76}},{"start":{},"end":{}}],"line":11},"1":{"loc":{"start":{"line":18,"column":6},"end":{"line":18,"column":34}},"type":"if","locations":[{"start":{"line":18,"column":6},"end":{"line":18,"column":34}},{"start":{},"end":{}}],"line":18},"2":{"loc":{"start":{"line":19,"column":6},"end":{"line":19,"column":34}},"type":"if","locations":[{"start":{"line":19,"column":6},"end":{"line":19,"column":34}},{"start":{},"end":{}}],"line":19},"3":{"loc":{"start":{"line":20,"column":6},"end":{"line":20,"column":34}},"type":"if","locations":[{"start":{"line":20,"column":6},"end":{"line":20,"column":34}},{"start":{},"end":{}}],"line":20},"4":{"loc":{"start":{"line":27,"column":8},"end":{"line":27,"column":66}},"type":"if","locations":[{"start":{"line":27,"column":8},"end":{"line":27,"column":66}},{"start":{},"end":{}}],"line":27},"5":{"loc":{"start":{"line":27,"column":12},"end":{"line":27,"column":46}},"type":"binary-expr","locations":[{"start":{"line":27,"column":12},"end":{"line":27,"column":27}},{"start":{"line":27,"column":31},"end":{"line":27,"column":46}}],"line":27}},"s":{"0":37,"1":37,"2":19,"3":36,"4":19,"5":19,"6":1,"7":18,"8":14,"9":14,"10":2,"11":12,"12":2,"13":10,"14":5,"15":5,"16":8,"17":8,"18":5,"19":3,"20":1},"f":{"0":37,"1":19,"2":36,"3":14,"4":8},"b":{"0":[1,18],"1":[2,12],"2":[2,10],"3":[5,5],"4":[5,3],"5":[8,5]},"_coverageSchema":"1a1c01bbd47fc00a2c39e90264f33305004495a9","hash":"e3196184ff091259f51703c5763b2c37575ec550"}
}
